TN:
SF:src/App.jsx
FN:1,(empty-report)
FNF:1
FNH:0
FNDA:0,(empty-report)
DA:1,0
DA:2,0
DA:3,0
DA:5,0
DA:6,0
DA:8,0
DA:9,0
DA:11,0
DA:12,0
DA:13,0
DA:15,0
DA:17,0
LF:12
LH:0
BRDA:1,0,0,0
BRF:1
BRH:0
end_of_record
TN:
SF:src/main.jsx
FN:1,(empty-report)
FNF:1
FNH:0
FNDA:0,(empty-report)
DA:1,0
DA:2,0
DA:3,0
DA:4,0
DA:6,0
DA:7,0
DA:8,0
DA:9,0
DA:10,0
LF:9
LH:0
BRDA:1,0,0,0
BRF:1
BRH:0
end_of_record
TN:
SF:src/components/Calculator/Calculator.jsx
FN:4,Calculator
FN:17,onClick
FN:18,onClick
FN:19,onClick
FN:20,onClick
FN:22,onClick
FN:24,onClick
FN:25,onClick
FN:26,onClick
FNF:9
FNH:6
FNDA:13,Calculator
FNDA:1,onClick
FNDA:1,onClick
FNDA:0,onClick
FNDA:0,onClick
FNDA:4,onClick
FNDA:0,onClick
FNDA:1,onClick
FNDA:2,onClick
DA:1,1
DA:2,1
DA:4,1
DA:5,13
DA:6,13
DA:8,13
DA:9,13
DA:10,13
DA:11,13
DA:12,13
DA:13,3
DA:15,13
DA:16,13
DA:17,13
DA:18,13
DA:19,13
DA:20,13
DA:21,13
DA:22,117
DA:23,13
DA:24,13
DA:25,13
DA:26,13
DA:27,13
DA:28,13
DA:30,13
LF:26
LH:26
BRDA:4,0,0,13
BRDA:11,1,0,1
BRDA:11,2,0,12
BRDA:12,3,0,3
BRDA:12,4,0,3
BRDA:17,5,0,1
BRDA:18,6,0,1
BRDA:21,7,0,117
BRDA:22,8,0,4
BRDA:25,9,0,1
BRDA:26,10,0,2
BRF:11
BRH:11
end_of_record
TN:
SF:src/components/Calculator/useCalculator.js
FN:4,useCalculator
FN:10,clearAll
FN:17,inputDigit
FN:25,chooseOperator
FN:47,evaluateExpression
FN:63,evaluate
FNF:6
FNH:6
FNDA:37,useCalculator
FNDA:2,clearAll
FNDA:14,inputDigit
FNDA:6,chooseOperator
FNDA:5,evaluateExpression
FNDA:6,evaluate
DA:1,1
DA:3,1
DA:4,1
DA:5,37
DA:6,37
DA:7,37
DA:8,37
DA:10,37
DA:11,2
DA:12,2
DA:13,2
DA:14,2
DA:15,2
DA:17,37
DA:18,14
DA:19,14
DA:20,14
DA:21,1
DA:22,14
DA:23,14
DA:25,37
DA:26,6
DA:27,6
DA:28,6
DA:29,1
DA:30,1
DA:31,0
DA:32,0
DA:33,0
DA:34,0
DA:35,0
DA:36,0
DA:37,1
DA:38,1
DA:39,1
DA:40,1
DA:41,1
DA:42,5
DA:43,5
DA:44,5
DA:45,6
DA:47,37
DA:48,5
DA:49,5
DA:50,5
DA:51,5
DA:52,2
DA:53,2
DA:54,2
DA:55,2
DA:56,2
DA:57,2
DA:58,3
DA:59,3
DA:60,3
DA:61,5
DA:63,37
DA:64,6
DA:65,6
DA:66,6
DA:67,4
DA:68,5
DA:69,6
DA:70,6
DA:71,6
DA:72,6
DA:73,6
DA:74,6
DA:76,37
DA:77,37
DA:78,37
DA:79,37
DA:80,37
DA:81,37
DA:82,37
DA:83,37
LF:76
LH:70
BRDA:4,0,0,37
BRDA:10,1,0,2
BRDA:17,2,0,14
BRDA:18,3,0,0
BRDA:19,4,0,14
BRDA:20,5,0,13
BRDA:20,6,0,1
BRDA:25,7,0,6
BRDA:26,8,0,0
BRDA:28,9,0,1
BRDA:28,10,0,1
BRDA:30,11,0,0
BRDA:41,12,0,5
BRDA:47,13,0,5
BRDA:48,14,0,0
BRDA:49,15,0,0
BRDA:51,16,0,4
BRDA:51,17,0,2
BRDA:57,18,0,3
BRDA:63,19,0,6
BRDA:66,20,0,2
BRDA:66,21,0,5
BRDA:66,22,0,2
BRDA:66,23,0,4
BRDA:68,24,0,3
BRDA:69,25,0,0
BRDA:70,26,0,1
BRDA:71,27,0,0
BRDA:72,28,0,0
BRF:29
BRH:21
end_of_record
